2021-03-26 09:48:29,928 [INFO] Activator:170 - 


2021-03-26 09:48:29,929 [INFO] Activator:171 - !SESSION log4j initialized
2021-03-26 09:55:11,511 [INFO] Activator:170 - 


2021-03-26 09:55:11,512 [INFO] Activator:171 - !SESSION log4j initialized
2021-03-26 09:56:34,205 [INFO] McuFinderGlobals:39 - Set McuFinder mode to 2 (CubeIDE integrated)
2021-03-26 09:56:37,004 [INFO] ApplicationProperties:181 - Using Application install path: C:\ST\STM32CubeIDE_1.6.0\STM32CubeIDE\plugins\com.st.stm32cube.common.mx_6.2.0.202102191602
2021-03-26 09:56:37,012 [INFO] DbMcusXml:74 - Set database path to: C:\ST\STM32CubeIDE_1.6.0\STM32CubeIDE\plugins\com.st.stm32cube.common.mx_6.2.0.202102191602\\db\/mcu/
2021-03-26 09:56:37,015 [INFO] DbBoardsPdsc:56 - Set plugin database path to: C:\ST\STM32CubeIDE_1.6.0\STM32CubeIDE\plugins\com.st.stm32cube.common.mx_6.2.0.202102191602\\db\/plugins/boardmanager/
2021-03-26 09:56:37,015 [INFO] DbMcus:258 - Set plugin images path to: C:\ST\STM32CubeIDE_1.6.0\STM32CubeIDE\plugins\com.st.stm32cube.common.mx_6.2.0.202102191602\\db\/plugins/mcufinder/images/
2021-03-26 09:56:37,015 [INFO] DbBoards:264 - Set plugin images path to: C:\ST\STM32CubeIDE_1.6.0\STM32CubeIDE\plugins\com.st.stm32cube.common.mx_6.2.0.202102191602\\db\/plugins/mcufinder/images/
2021-03-26 09:56:37,017 [INFO] DbExamples:333 - Set plugin images path to: C:\ST\STM32CubeIDE_1.6.0\STM32CubeIDE\plugins\com.st.stm32cube.common.mx_6.2.0.202102191602\\db\/plugins/mcufinder/images/
2021-03-26 09:56:37,020 [INFO] DbMcusAds:85 - Set database path to: C:\Users\Martin\.stmcufinder\plugins\mcufinder//mcu/
2021-03-26 09:56:37,021 [INFO] DbMcusDocs:110 - Set database path to: C:\Users\Martin\.stmcufinder\plugins\mcufinder//mcu/
2021-03-26 09:56:37,022 [INFO] DbMcusJson:65 - Set database path to: C:\Users\Martin\.stmcufinder\plugins\mcufinder//mcu/
2021-03-26 09:56:37,023 [INFO] DbBoardsDocs:110 - Set database path to: C:\Users\Martin\.stmcufinder\plugins\mcufinder//mcu/
2021-03-26 09:56:37,024 [INFO] DbBoardsJson:58 - Set database path to: C:\Users\Martin\.stmcufinder\plugins\mcufinder//mcu/
2021-03-26 09:56:37,041 [INFO] CrossReferenceDbSqlite:196 - Set database path to: C:\Users\Martin\.stmcufinder\plugins\mcufinder//mcu/cs/
2021-03-26 09:56:37,043 [INFO] DbExamplesSqlite:690 - Set database path to: C:\Users\Martin\.stmcufinder\plugins\mcufinder//mcu/
2021-03-26 09:56:37,135 [INFO] RulesReader:52 - Compatibility file has been processed (237 Rules)
2021-03-26 09:56:37,249 [INFO] MicroXplorer:622 - Detected Java Version = 11.0.9.1
2021-03-26 09:56:37,250 [INFO] DbMcusXml:74 - Set database path to: C:\ST\STM32CubeIDE_1.6.0\STM32CubeIDE\plugins\com.st.stm32cube.common.mx_6.2.0.202102191602\\db\/mcu/
2021-03-26 09:56:37,250 [INFO] DbBoardsPdsc:56 - Set plugin database path to: C:\ST\STM32CubeIDE_1.6.0\STM32CubeIDE\plugins\com.st.stm32cube.common.mx_6.2.0.202102191602\\db\/plugins/boardmanager/
2021-03-26 09:56:37,250 [INFO] DbMcus:258 - Set plugin images path to: C:\ST\STM32CubeIDE_1.6.0\STM32CubeIDE\plugins\com.st.stm32cube.common.mx_6.2.0.202102191602\\db\/plugins/mcufinder/images/
2021-03-26 09:56:37,250 [INFO] DbBoards:264 - Set plugin images path to: C:\ST\STM32CubeIDE_1.6.0\STM32CubeIDE\plugins\com.st.stm32cube.common.mx_6.2.0.202102191602\\db\/plugins/mcufinder/images/
2021-03-26 09:56:37,251 [INFO] DbExamples:333 - Set plugin images path to: C:\ST\STM32CubeIDE_1.6.0\STM32CubeIDE\plugins\com.st.stm32cube.common.mx_6.2.0.202102191602\\db\/plugins/mcufinder/images/
2021-03-26 09:56:37,251 [WARN] DbFile:35 - Overriding database path with different value: C:\Users\Martin\.stmcufinder\plugins\mcufinder/ => C:\Users\Martin\.stmcufinder\plugins\mcufinder
2021-03-26 09:56:37,251 [INFO] DbMcusAds:85 - Set database path to: C:\Users\Martin\.stmcufinder\plugins\mcufinder//mcu/
2021-03-26 09:56:37,251 [WARN] DbFile:35 - Overriding database path with different value: C:\Users\Martin\.stmcufinder\plugins\mcufinder/ => C:\Users\Martin\.stmcufinder\plugins\mcufinder
2021-03-26 09:56:37,251 [INFO] DbMcusDocs:110 - Set database path to: C:\Users\Martin\.stmcufinder\plugins\mcufinder//mcu/
2021-03-26 09:56:37,251 [WARN] DbFile:35 - Overriding database path with different value: C:\Users\Martin\.stmcufinder\plugins\mcufinder/ => C:\Users\Martin\.stmcufinder\plugins\mcufinder
2021-03-26 09:56:37,251 [INFO] DbMcusJson:65 - Set database path to: C:\Users\Martin\.stmcufinder\plugins\mcufinder//mcu/
2021-03-26 09:56:37,251 [WARN] DbFile:35 - Overriding database path with different value: C:\Users\Martin\.stmcufinder\plugins\mcufinder/ => C:\Users\Martin\.stmcufinder\plugins\mcufinder
2021-03-26 09:56:37,251 [INFO] DbBoardsDocs:110 - Set database path to: C:\Users\Martin\.stmcufinder\plugins\mcufinder//mcu/
2021-03-26 09:56:37,252 [WARN] DbFile:35 - Overriding database path with different value: C:\Users\Martin\.stmcufinder\plugins\mcufinder/ => C:\Users\Martin\.stmcufinder\plugins\mcufinder
2021-03-26 09:56:37,252 [INFO] DbBoardsJson:58 - Set database path to: C:\Users\Martin\.stmcufinder\plugins\mcufinder//mcu/
2021-03-26 09:56:37,252 [WARN] DbFile:35 - Overriding database path with different value: C:\Users\Martin\.stmcufinder\plugins\mcufinder/ => C:\Users\Martin\.stmcufinder\plugins\mcufinder
2021-03-26 09:56:37,252 [WARN] DbFile:35 - Overriding database path with different value: C:\Users\Martin\.stmcufinder\plugins\mcufinder/ => C:\Users\Martin\.stmcufinder\plugins\mcufinder
2021-03-26 09:56:37,252 [INFO] CrossReferenceDbSqlite:196 - Set database path to: C:\Users\Martin\.stmcufinder\plugins\mcufinder//mcu/cs/
2021-03-26 09:56:37,252 [WARN] DbFile:35 - Overriding database path with different value: C:\Users\Martin\.stmcufinder\plugins\mcufinder/ => C:\Users\Martin\.stmcufinder\plugins\mcufinder
2021-03-26 09:56:37,252 [INFO] DbExamplesSqlite:690 - Set database path to: C:\Users\Martin\.stmcufinder\plugins\mcufinder//mcu/
2021-03-26 09:56:37,323 [INFO] MainPanel:204 - HeapMemory: 523239424
2021-03-26 09:56:37,372 [INFO] DbMcusXml:74 - Set database path to: C:\ST\STM32CubeIDE_1.6.0\STM32CubeIDE\plugins\com.st.stm32cube.common.mx_6.2.0.202102191602\\db\/mcu/
2021-03-26 09:56:37,372 [INFO] DbBoardsPdsc:56 - Set plugin database path to: C:\ST\STM32CubeIDE_1.6.0\STM32CubeIDE\plugins\com.st.stm32cube.common.mx_6.2.0.202102191602\\db\/plugins/boardmanager/
2021-03-26 09:56:37,372 [INFO] DbMcus:258 - Set plugin images path to: C:\ST\STM32CubeIDE_1.6.0\STM32CubeIDE\plugins\com.st.stm32cube.common.mx_6.2.0.202102191602\\db\/plugins/mcufinder/images/
2021-03-26 09:56:37,372 [INFO] DbBoards:264 - Set plugin images path to: C:\ST\STM32CubeIDE_1.6.0\STM32CubeIDE\plugins\com.st.stm32cube.common.mx_6.2.0.202102191602\\db\/plugins/mcufinder/images/
2021-03-26 09:56:37,372 [INFO] DbExamples:333 - Set plugin images path to: C:\ST\STM32CubeIDE_1.6.0\STM32CubeIDE\plugins\com.st.stm32cube.common.mx_6.2.0.202102191602\\db\/plugins/mcufinder/images/
2021-03-26 09:56:37,373 [WARN] DbFile:35 - Overriding database path with different value: C:\Users\Martin\.stmcufinder\plugins\mcufinder/ => C:\Users\Martin\.stmcufinder\plugins\mcufinder
2021-03-26 09:56:37,373 [INFO] DbMcusAds:85 - Set database path to: C:\Users\Martin\.stmcufinder\plugins\mcufinder//mcu/
2021-03-26 09:56:37,373 [WARN] DbFile:35 - Overriding database path with different value: C:\Users\Martin\.stmcufinder\plugins\mcufinder/ => C:\Users\Martin\.stmcufinder\plugins\mcufinder
2021-03-26 09:56:37,373 [INFO] DbMcusDocs:110 - Set database path to: C:\Users\Martin\.stmcufinder\plugins\mcufinder//mcu/
2021-03-26 09:56:37,373 [WARN] DbFile:35 - Overriding database path with different value: C:\Users\Martin\.stmcufinder\plugins\mcufinder/ => C:\Users\Martin\.stmcufinder\plugins\mcufinder
2021-03-26 09:56:37,373 [INFO] DbMcusJson:65 - Set database path to: C:\Users\Martin\.stmcufinder\plugins\mcufinder//mcu/
2021-03-26 09:56:37,373 [WARN] DbFile:35 - Overriding database path with different value: C:\Users\Martin\.stmcufinder\plugins\mcufinder/ => C:\Users\Martin\.stmcufinder\plugins\mcufinder
2021-03-26 09:56:37,373 [INFO] DbBoardsDocs:110 - Set database path to: C:\Users\Martin\.stmcufinder\plugins\mcufinder//mcu/
2021-03-26 09:56:37,373 [WARN] DbFile:35 - Overriding database path with different value: C:\Users\Martin\.stmcufinder\plugins\mcufinder/ => C:\Users\Martin\.stmcufinder\plugins\mcufinder
2021-03-26 09:56:37,374 [INFO] DbBoardsJson:58 - Set database path to: C:\Users\Martin\.stmcufinder\plugins\mcufinder//mcu/
2021-03-26 09:56:37,374 [WARN] DbFile:35 - Overriding database path with different value: C:\Users\Martin\.stmcufinder\plugins\mcufinder/ => C:\Users\Martin\.stmcufinder\plugins\mcufinder
2021-03-26 09:56:37,374 [WARN] DbFile:35 - Overriding database path with different value: C:\Users\Martin\.stmcufinder\plugins\mcufinder/ => C:\Users\Martin\.stmcufinder\plugins\mcufinder
2021-03-26 09:56:37,374 [INFO] CrossReferenceDbSqlite:196 - Set database path to: C:\Users\Martin\.stmcufinder\plugins\mcufinder//mcu/cs/
2021-03-26 09:56:37,374 [WARN] DbFile:35 - Overriding database path with different value: C:\Users\Martin\.stmcufinder\plugins\mcufinder/ => C:\Users\Martin\.stmcufinder\plugins\mcufinder
2021-03-26 09:56:37,374 [INFO] DbExamplesSqlite:690 - Set database path to: C:\Users\Martin\.stmcufinder\plugins\mcufinder//mcu/
2021-03-26 09:56:37,387 [INFO] ApplicationProperties:181 - Using Application install path: C:\ST\STM32CubeIDE_1.6.0\STM32CubeIDE\plugins\com.st.stm32cube.common.mx_6.2.0.202102191602
2021-03-26 09:56:37,388 [INFO] PluginManage:178 - Search for loadable plugins [exclusion list=, ]
2021-03-26 09:56:37,389 [INFO] PluginManage:292 - Check plugin analytics
2021-03-26 09:56:37,514 [INFO] AnalyticsPlugin:233 - Accepted Software Licenses: 
2021-03-26 09:56:37,515 [INFO] AnalyticsPlugin:235 - Accepted CMSIS Pack Licenses: 
2021-03-26 09:56:37,515 [INFO] AnalyticsPlugin:237 - Accepted Firmware Licenses: 
2021-03-26 09:56:37,515 [INFO] PluginManage:342 - Loaded plugin analytics (category:tool,tabindex:-1)
2021-03-26 09:56:37,515 [INFO] PluginManage:292 - Check plugin clock
2021-03-26 09:56:37,530 [INFO] PluginManage:342 - Loaded plugin clock (category:base,tabindex:2)
2021-03-26 09:56:37,531 [INFO] PluginManage:292 - Check plugin ddr
2021-03-26 09:56:37,532 [INFO] PluginManage:342 - Loaded plugin ddr (category:tool,tabindex:6)
2021-03-26 09:56:37,532 [INFO] PluginManage:292 - Check plugin filemanager
2021-03-26 09:56:37,618 [INFO] PluginManage:342 - Loaded plugin filemanager (category:base,tabindex:10)
2021-03-26 09:56:37,619 [INFO] PluginManage:292 - Check plugin ipmanager
2021-03-26 09:56:37,634 [INFO] PluginManage:342 - Loaded plugin ipmanager (category:base,tabindex:5)
2021-03-26 09:56:37,634 [INFO] PluginManage:292 - Check plugin pinoutandconfiguration
2021-03-26 09:56:37,647 [INFO] PluginManage:342 - Loaded plugin pinoutandconfiguration (category:base,tabindex:1)
2021-03-26 09:56:37,647 [INFO] PluginManage:292 - Check plugin pinoutconfig
2021-03-26 09:56:37,676 [INFO] PluginManage:342 - Loaded plugin pinoutconfig (category:base,tabindex:0)
2021-03-26 09:56:37,677 [INFO] PluginManage:292 - Check plugin power
2021-03-26 09:56:37,690 [INFO] PluginManage:342 - Loaded plugin power (category:power,tabindex:4)
2021-03-26 09:56:37,690 [INFO] PluginManage:292 - Check plugin projectmanager
2021-03-26 09:56:37,703 [INFO] PluginManage:342 - Loaded plugin projectmanager (category:projectmanager,tabindex:3)
2021-03-26 09:56:37,703 [INFO] PluginManage:292 - Check plugin thirdparty
2021-03-26 09:56:37,875 [INFO] PluginManage:342 - Loaded plugin thirdparty (category:base,tabindex:-1)
2021-03-26 09:56:37,875 [INFO] PluginManage:292 - Check plugin tools
2021-03-26 09:56:37,875 [WARN] IntegrityCheckThread:59 - waiting for thirdparty lock release [integrity check]
2021-03-26 09:56:37,876 [INFO] IntegrityCheckThread:61 - entering critical section [integrity check]
2021-03-26 09:56:37,876 [INFO] ThirdPartyUpdaterWithRetryManager:56 - Updater plugin not ready yet. [1/15]
2021-03-26 09:56:37,914 [INFO] PluginManage:342 - Loaded plugin tools (category:base,tabindex:7)
2021-03-26 09:56:37,914 [INFO] PluginManage:292 - Check plugin tutovideos
2021-03-26 09:56:38,073 [INFO] PluginManage:342 - Loaded plugin tutovideos (category:base,tabindex:-1)
2021-03-26 09:56:38,073 [INFO] PluginManage:292 - Check plugin updater
2021-03-26 09:56:38,082 [INFO] PluginManage:342 - Loaded plugin updater (category:base,tabindex:12)
2021-03-26 09:56:38,083 [INFO] PluginManage:265 - PluginManage : Loaded plugins [13]
2021-03-26 09:56:38,272 [INFO] PinOutPanel:1435 - setPackage(No Configuration,No Configuration)
2021-03-26 09:56:38,390 [INFO] IPUIPlugin:64 - create IPUIPlugin
2021-03-26 09:56:38,390 [INFO] PluginManager:203 - loadIPPluginJar : add adc
2021-03-26 09:56:38,416 [INFO] IPUIPlugin:64 - create IPUIPlugin
2021-03-26 09:56:38,417 [INFO] PluginManager:203 - loadIPPluginJar : add aes
2021-03-26 09:56:38,450 [INFO] IPUIPlugin:64 - create IPUIPlugin
2021-03-26 09:56:38,450 [INFO] PluginManager:203 - loadIPPluginJar : add can
2021-03-26 09:56:38,472 [INFO] IPUIPlugin:64 - create IPUIPlugin
2021-03-26 09:56:38,472 [INFO] PluginManager:203 - loadIPPluginJar : add comp
2021-03-26 09:56:38,499 [INFO] IPUIPlugin:64 - create IPUIPlugin
2021-03-26 09:56:38,499 [INFO] PluginManager:203 - loadIPPluginJar : add cryp
2021-03-26 09:56:38,525 [INFO] IPUIPlugin:64 - create IPUIPlugin
2021-03-26 09:56:38,525 [INFO] PluginManager:203 - loadIPPluginJar : add dfsdm
2021-03-26 09:56:38,536 [INFO] IPUIPlugin:64 - create IPUIPlugin
2021-03-26 09:56:38,536 [INFO] PluginManager:203 - loadIPPluginJar : add dma
2021-03-26 09:56:38,558 [INFO] IPUIPlugin:64 - create IPUIPlugin
2021-03-26 09:56:38,558 [INFO] PluginManager:203 - loadIPPluginJar : add fatfs
2021-03-26 09:56:38,599 [INFO] IPUIPlugin:64 - create IPUIPlugin
2021-03-26 09:56:38,599 [INFO] PluginManager:203 - loadIPPluginJar : add fmc
2021-03-26 09:56:38,609 [INFO] IPUIPlugin:64 - create IPUIPlugin
2021-03-26 09:56:38,610 [INFO] PluginManager:203 - loadIPPluginJar : add freertos
2021-03-26 09:56:38,631 [INFO] IPUIPlugin:64 - create IPUIPlugin
2021-03-26 09:56:38,631 [INFO] PluginManager:203 - loadIPPluginJar : add genericplugin
2021-03-26 09:56:38,696 [INFO] IPUIPlugin:64 - create IPUIPlugin
2021-03-26 09:56:38,697 [INFO] PluginManager:203 - loadIPPluginJar : add gfxmmu
2021-03-26 09:56:38,789 [INFO] IPUIPlugin:64 - create IPUIPlugin
2021-03-26 09:56:38,790 [INFO] PluginManager:203 - loadIPPluginJar : add gic
2021-03-26 09:56:38,799 [INFO] IPUIPlugin:64 - create IPUIPlugin
2021-03-26 09:56:38,799 [INFO] PluginManager:203 - loadIPPluginJar : add gpio
2021-03-26 09:56:38,850 [INFO] IPUIPlugin:64 - create IPUIPlugin
2021-03-26 09:56:38,850 [INFO] PluginManager:203 - loadIPPluginJar : add gtzc
2021-03-26 09:56:38,874 [INFO] IPUIPlugin:64 - create IPUIPlugin
2021-03-26 09:56:38,875 [INFO] PluginManager:203 - loadIPPluginJar : add hash
2021-03-26 09:56:38,914 [INFO] IPUIPlugin:64 - create IPUIPlugin
2021-03-26 09:56:38,915 [INFO] PluginManager:203 - loadIPPluginJar : add i2c
2021-03-26 09:56:38,948 [INFO] IPUIPlugin:64 - create IPUIPlugin
2021-03-26 09:56:38,948 [INFO] PluginManager:203 - loadIPPluginJar : add i2s
2021-03-26 09:56:38,957 [INFO] IPUIPlugin:64 - create IPUIPlugin
2021-03-26 09:56:38,957 [INFO] PluginManager:203 - loadIPPluginJar : add ipddr
2021-03-26 09:56:38,986 [INFO] IPUIPlugin:64 - create IPUIPlugin
2021-03-26 09:56:38,986 [INFO] PluginManager:203 - loadIPPluginJar : add lorawan
2021-03-26 09:56:39,016 [INFO] IPUIPlugin:64 - create IPUIPlugin
2021-03-26 09:56:39,016 [INFO] PluginManager:203 - loadIPPluginJar : add ltdc
2021-03-26 09:56:39,026 [INFO] IPUIPlugin:64 - create IPUIPlugin
2021-03-26 09:56:39,026 [INFO] PluginManager:203 - loadIPPluginJar : add mdma
2021-03-26 09:56:39,035 [INFO] IPUIPlugin:64 - create IPUIPlugin
2021-03-26 09:56:39,035 [INFO] PluginManager:203 - loadIPPluginJar : add nvic
2021-03-26 09:56:39,066 [INFO] IPUIPlugin:64 - create IPUIPlugin
2021-03-26 09:56:39,066 [INFO] PluginManager:203 - loadIPPluginJar : add opamp
2021-03-26 09:56:39,112 [INFO] IPUIPlugin:64 - create IPUIPlugin
2021-03-26 09:56:39,112 [INFO] PluginManager:203 - loadIPPluginJar : add openamp
2021-03-26 09:56:39,146 [INFO] IPUIPlugin:64 - create IPUIPlugin
2021-03-26 09:56:39,146 [INFO] PluginManager:203 - loadIPPluginJar : add pdm2pcm
2021-03-26 09:56:39,159 [INFO] IPUIPlugin:64 - create IPUIPlugin
2021-03-26 09:56:39,161 [INFO] PluginManager:203 - loadIPPluginJar : add plateformsettings
2021-03-26 09:56:39,181 [INFO] IPUIPlugin:64 - create IPUIPlugin
2021-03-26 09:56:39,181 [INFO] PluginManager:203 - loadIPPluginJar : add quadspi
2021-03-26 09:56:39,190 [INFO] IPUIPlugin:64 - create IPUIPlugin
2021-03-26 09:56:39,191 [INFO] PluginManager:203 - loadIPPluginJar : add resmgrutility
2021-03-26 09:56:39,231 [INFO] IPUIPlugin:64 - create IPUIPlugin
2021-03-26 09:56:39,232 [INFO] PluginManager:203 - loadIPPluginJar : add sai
2021-03-26 09:56:39,262 [INFO] IPUIPlugin:64 - create IPUIPlugin
2021-03-26 09:56:39,263 [INFO] PluginManager:203 - loadIPPluginJar : add spi
2021-03-26 09:56:39,303 [INFO] IPUIPlugin:64 - create IPUIPlugin
2021-03-26 09:56:39,303 [INFO] PluginManager:203 - loadIPPluginJar : add stm32_wpan
2021-03-26 09:56:39,326 [INFO] IPUIPlugin:64 - create IPUIPlugin
2021-03-26 09:56:39,326 [INFO] PluginManager:203 - loadIPPluginJar : add tim
2021-03-26 09:56:39,372 [INFO] IPUIPlugin:64 - create IPUIPlugin
2021-03-26 09:56:39,372 [INFO] PluginManager:203 - loadIPPluginJar : add touchsensing
2021-03-26 09:56:39,395 [INFO] IPUIPlugin:64 - create IPUIPlugin
2021-03-26 09:56:39,395 [INFO] PluginManager:203 - loadIPPluginJar : add tracer_emb
2021-03-26 09:56:39,418 [INFO] IPUIPlugin:64 - create IPUIPlugin
2021-03-26 09:56:39,418 [INFO] PluginManager:203 - loadIPPluginJar : add ts
2021-03-26 09:56:39,440 [INFO] IPUIPlugin:64 - create IPUIPlugin
2021-03-26 09:56:39,440 [INFO] PluginManager:203 - loadIPPluginJar : add tsc
2021-03-26 09:56:39,461 [INFO] IPUIPlugin:64 - create IPUIPlugin
2021-03-26 09:56:39,461 [INFO] PluginManager:203 - loadIPPluginJar : add ucpd
2021-03-26 09:56:39,496 [INFO] IPUIPlugin:64 - create IPUIPlugin
2021-03-26 09:56:39,497 [INFO] PluginManager:203 - loadIPPluginJar : add usart
2021-03-26 09:56:39,777 [FATAL] Updater:284 - Updater called before beeing initialized
2021-03-26 09:56:39,922 [FATAL] Updater:284 - Updater called before beeing initialized
2021-03-26 09:56:39,931 [INFO] DbMcusAds:132 - JSON generation date=Mon Mar 01 11:27:39 CET 2021 (1614594459504)
2021-03-26 09:56:39,931 [FATAL] Updater:284 - Updater called before beeing initialized
2021-03-26 09:56:39,961 [WARN] DetailPanel:315 - Failed to get advertising image, set to default
2021-03-26 09:56:40,131 [FATAL] Updater:284 - Updater called before beeing initialized
2021-03-26 09:56:40,133 [FATAL] Updater:284 - Updater called before beeing initialized
2021-03-26 09:56:40,133 [FATAL] Updater:284 - Updater called before beeing initialized
2021-03-26 09:56:40,133 [WARN] DetailPanel:315 - Failed to get advertising image, set to default
2021-03-26 09:56:40,134 [FATAL] Updater:284 - Updater called before beeing initialized
2021-03-26 09:56:40,184 [FATAL] Updater:284 - Updater called before beeing initialized
2021-03-26 09:56:40,184 [WARN] ThirdParty:796 - waiting for thirdparty lock release [close project]
2021-03-26 09:56:40,890 [INFO] ThirdPartyUpdaterWithRetryManager:56 - Updater plugin not ready yet. [2/15]
2021-03-26 09:56:43,900 [FATAL] Updater:284 - Updater called before beeing initialized
2021-03-26 09:56:43,900 [ERROR] AbstractThirdPartyUpdaterManager:153 - class java.lang.Integer cannot be cast to class java.util.List (java.lang.Integer and java.util.List are in module java.base of loader 'bootstrap')
2021-03-26 09:56:43,900 [INFO] ThirdParty:900 - Integrity check success = false
2021-03-26 09:56:43,900 [INFO] IntegrityCheckThread:75 - exiting critical section [integrity check]
2021-03-26 09:56:43,900 [INFO] IntegrityCheckThread:78 - End integrity checks thread
2021-03-26 09:56:43,900 [INFO] ThirdParty:798 - entering critical section [close project]
2021-03-26 09:56:43,902 [INFO] ThirdParty:809 - exiting critical section [close project]
2021-03-26 09:56:43,904 [INFO] PinOutPanel:1435 - setPackage(No Configuration,No Configuration)
2021-03-26 09:56:43,904 [FATAL] Updater:284 - Updater called before beeing initialized
2021-03-26 09:56:43,916 [INFO] Updater:1002 - Updater Version found : 6.2.0
2021-03-26 09:56:43,931 [INFO] ApplicationProperties:181 - Using Application install path: C:\ST\STM32CubeIDE_1.6.0\STM32CubeIDE\plugins\com.st.stm32cube.common.mx_6.2.0.202102191602
2021-03-26 09:56:44,040 [INFO] MainUpdater:2661 - connection check result : 10
2021-03-26 09:56:44,041 [INFO] MainUpdater:255 - Updater Check For Update Now.
2021-03-26 09:56:44,041 [INFO] MicroXplorer:472 - Change Database Version : DB.6.0.20
2021-03-26 09:56:44,078 [INFO] CheckServerUpdateThread:102 - End of CheckServer Thread
2021-03-26 09:56:44,169 [INFO] MainUpdater:2661 - connection check result : 10
2021-03-26 09:56:44,174 [INFO] MainUpdater:2661 - connection check result : 10
2021-03-26 09:56:44,314 [INFO] MicroXplorer:442 - Change Database Path : 
2021-03-26 09:56:44,315 [INFO] MicroXplorer:472 - Change Database Version : DB.6.0.20
2021-03-26 09:56:44,315 [WARN] ThirdParty:796 - waiting for thirdparty lock release [close project]
2021-03-26 09:56:44,315 [INFO] ThirdParty:798 - entering critical section [close project]
2021-03-26 09:56:44,315 [INFO] ThirdParty:809 - exiting critical section [close project]
2021-03-26 09:56:44,317 [INFO] PinOutPanel:1435 - setPackage(No Configuration,No Configuration)
2021-03-26 09:56:44,318 [INFO] UtilMem:74 - Begin LoadConfig() Used Memory: 437026232 Bytes (523239424)
2021-03-26 09:56:44,319 [INFO] MicroXplorer:442 - Change Database Path : 
2021-03-26 09:56:44,319 [INFO] MicroXplorer:472 - Change Database Version : DB.6.0.20
2021-03-26 09:56:44,319 [INFO] OpenFileManager:303 - Change cursor
2021-03-26 09:56:44,328 [WARN] IntegrityCheckThread:59 - waiting for thirdparty lock release [integrity check]
2021-03-26 09:56:44,328 [INFO] IntegrityCheckThread:61 - entering critical section [integrity check]
2021-03-26 09:56:44,382 [WARN] PackLoader:226 - Cannot read IP mode file for RoweBots.I-CUBE-UNISONRTOS.5.5.0-4
2021-03-26 09:56:44,407 [WARN] PackLoader:226 - Cannot read IP mode file for STMicroelectronics.X-CUBE-SFXS2LP1.3.0.0
2021-03-26 09:56:44,420 [WARN] ConditionMgr:437 - getConditionDescription Invalid condition id : SIGFOX STM32 LIB Condition cause : null
2021-03-26 09:56:44,421 [WARN] ConditionMgr:437 - getConditionDescription Invalid condition id : Sigfox Third Party LIB Condition cause : null
2021-03-26 09:56:44,423 [WARN] PackLoader:226 - Cannot read IP mode file for STMicroelectronics.X-CUBE-SFXS2LP1.2.0.0
2021-03-26 09:56:44,423 [WARN] ConditionMgr:1040 - genDependencies : Invalid condition id : SIGFOX STM32 LIB Condition cause : null
2021-03-26 09:56:44,423 [WARN] ConditionMgr:1040 - genDependencies : Invalid condition id : Sigfox Third Party LIB Condition cause : null
2021-03-26 09:56:44,424 [WARN] ConditionMgr:1040 - genDependencies : Invalid condition id : Sigfox Third Party LIB Condition cause : null
2021-03-26 09:56:44,424 [WARN] ConditionMgr:1040 - genDependencies : Invalid condition id : SIGFOX STM32 LIB Condition cause : null
2021-03-26 09:56:44,424 [WARN] ConditionMgr:1040 - genDependencies : Invalid condition id : SIGFOX STM32 LIB Condition cause : null
2021-03-26 09:56:44,424 [WARN] ConditionMgr:1040 - genDependencies : Invalid condition id : Sigfox Third Party LIB Condition cause : null
2021-03-26 09:56:44,480 [WARN] PackLoader:226 - Cannot read IP mode file for STMicroelectronics.X-CUBE-MEMS1.8.2.0
2021-03-26 09:56:44,597 [WARN] PackLoader:226 - Cannot read IP mode file for STMicroelectronics.X-CUBE-EEPRMA1.3.0.0
2021-03-26 09:56:44,607 [WARN] PackLoader:226 - Cannot read IP mode file for STMicroelectronics.X-CUBE-ALGOBUILD.1.1.0
2021-03-26 09:56:44,623 [WARN] PackLoader:226 - Cannot read IP mode file for STMicroelectronics.X-CUBE-GNSS1.5.1.0
2021-03-26 09:56:44,631 [WARN] PackLoader:226 - Cannot read IP mode file for STMicroelectronics.X-CUBE-TOUCHGFX.4.15.0
2021-03-26 09:56:44,640 [WARN] PackLoader:226 - Cannot read IP mode file for STMicroelectronics.X-CUBE-NFC4.2.0.2
2021-03-26 09:56:44,649 [WARN] PackLoader:226 - Cannot read IP mode file for STMicroelectronics.X-CUBE-NFC4.2.0.1
2021-03-26 09:56:44,659 [WARN] PackLoader:226 - Cannot read IP mode file for STMicroelectronics.X-CUBE-BLE2.3.2.0
2021-03-26 09:56:44,672 [WARN] PackLoader:226 - Cannot read IP mode file for STMicroelectronics.X-CUBE-SUBG2.3.0.0
2021-03-26 09:56:44,689 [WARN] PackLoader:226 - Cannot read IP mode file for STMicroelectronics.X-CUBE-SUBG2.4.0.0
2021-03-26 09:56:44,716 [WARN] PackLoader:226 - Cannot read IP mode file for STMicroelectronics.X-CUBE-AZRTOS-H7.1.0.0
2021-03-26 09:56:44,728 [WARN] PackLoader:226 - Cannot read IP mode file for STMicroelectronics.X-CUBE-DISPLAY.1.0.0
2021-03-26 09:56:44,734 [WARN] PackLoader:226 - Cannot read IP mode file for STMicroelectronics.X-CUBE-AI.6.0.0
2021-03-26 09:56:44,742 [WARN] PackLoader:226 - Cannot read IP mode file for STMicroelectronics.X-CUBE-ALGOBUILD.1.2.0
2021-03-26 09:56:44,750 [WARN] PackLoader:226 - Cannot read IP mode file for STMicroelectronics.X-CUBE-GNSS1.5.2.0
2021-03-26 09:56:44,758 [WARN] PackLoader:226 - Cannot read IP mode file for STMicroelectronics.X-CUBE-BLE1.6.1.0
2021-03-26 09:56:44,773 [WARN] PackLoader:226 - Cannot read IP mode file for wolfSSL.I-CUBE-wolfSSL.4.7.0
2021-03-26 09:56:44,780 [WARN] PackLoader:226 - Cannot read IP mode file for STMicroelectronics.X-CUBE-TOUCHGFX.4.16.1
2021-03-26 09:56:44,788 [WARN] PackLoader:226 - Cannot read IP mode file for STMicroelectronics.X-CUBE-AI.5.2.0
2021-03-26 09:56:44,797 [WARN] PackLoader:226 - Cannot read IP mode file for STMicroelectronics.X-CUBE-BLE2.3.1.0
2021-03-26 09:56:44,798 [INFO] ThirdParty:900 - Integrity check success = true
2021-03-26 09:56:44,798 [INFO] IntegrityCheckThread:75 - exiting critical section [integrity check]
2021-03-26 09:56:44,798 [INFO] IntegrityCheckThread:78 - End integrity checks thread
2021-03-26 09:56:46,450 [INFO] Context:587 - Trying to add GPIOservice into a context  which must be forbidden
2021-03-26 09:56:46,940 [WARN] ApiManager:294 - Cannot register API 'Board Extension:S2868A1' from pack STMicroelectronics.X-CUBE-SFXS2LP1.3.0.0: no header file found
2021-03-26 09:56:46,940 [WARN] ApiManager:294 - Cannot register API 'Board Extension:S2868A2' from pack STMicroelectronics.X-CUBE-SFXS2LP1.3.0.0: no header file found
2021-03-26 09:56:46,940 [WARN] ApiManager:294 - Cannot register API 'Board Extension:S2915A1' from pack STMicroelectronics.X-CUBE-SFXS2LP1.3.0.0: no header file found
2021-03-26 09:56:46,950 [WARN] ApiManager:294 - Cannot register API 'Board Extension:S2868A1' from pack STMicroelectronics.X-CUBE-SUBG2.3.0.0: no header file found
2021-03-26 09:56:46,950 [WARN] ApiManager:294 - Cannot register API 'Board Extension:S2868A2' from pack STMicroelectronics.X-CUBE-SUBG2.3.0.0: no header file found
2021-03-26 09:56:46,950 [WARN] ApiManager:294 - Cannot register API 'Board Extension:S2915A1' from pack STMicroelectronics.X-CUBE-SUBG2.3.0.0: no header file found
2021-03-26 09:56:46,953 [WARN] ModelIntegratedComponent:51 - No mode defined for component null
2021-03-26 09:56:46,953 [WARN] ModelIntegratedComponent:51 - No mode defined for component null
2021-03-26 09:56:46,953 [WARN] ModelIntegratedComponent:51 - No mode defined for component null
2021-03-26 09:56:46,953 [WARN] ModelIntegratedComponent:51 - No mode defined for component null
2021-03-26 09:56:46,953 [WARN] ModelIntegratedComponent:51 - No mode defined for component null
2021-03-26 09:56:46,953 [WARN] ModelIntegratedComponent:51 - No mode defined for component null
2021-03-26 09:56:46,953 [WARN] ModelIntegratedComponent:51 - No mode defined for component null
2021-03-26 09:56:46,954 [WARN] ModelIntegratedComponent:51 - No mode defined for component null
2021-03-26 09:56:46,954 [WARN] ModelIntegratedComponent:51 - No mode defined for component null
2021-03-26 09:56:46,954 [WARN] ModelIntegratedComponent:51 - No mode defined for component null
2021-03-26 09:56:46,954 [WARN] ModelIntegratedComponent:51 - No mode defined for component null
2021-03-26 09:56:46,954 [WARN] ModelIntegratedComponent:51 - No mode defined for component null
2021-03-26 09:56:46,954 [WARN] ModelIntegratedComponent:51 - No mode defined for component null
2021-03-26 09:56:46,954 [WARN] ModelIntegratedComponent:51 - No mode defined for component null
2021-03-26 09:56:46,954 [WARN] ModelIntegratedComponent:51 - No mode defined for component null
2021-03-26 09:56:46,954 [WARN] ModelIntegratedComponent:51 - No mode defined for component null
2021-03-26 09:56:46,954 [WARN] ModelIntegratedComponent:51 - No mode defined for component null
2021-03-26 09:56:46,954 [WARN] ModelIntegratedComponent:51 - No mode defined for component null
2021-03-26 09:56:46,954 [WARN] ModelIntegratedComponent:51 - No mode defined for component null
2021-03-26 09:56:46,954 [WARN] ModelIntegratedComponent:51 - No mode defined for component null
2021-03-26 09:56:46,954 [WARN] ModelIntegratedComponent:51 - No mode defined for component null
2021-03-26 09:56:46,955 [WARN] ModelIntegratedComponent:51 - No mode defined for component null
2021-03-26 09:56:46,955 [WARN] ModelIntegratedComponent:51 - No mode defined for component null
2021-03-26 09:56:46,955 [WARN] ModelIntegratedComponent:51 - No mode defined for component null
2021-03-26 09:56:46,955 [WARN] ModelIntegratedComponent:51 - No mode defined for component null
2021-03-26 09:56:46,955 [WARN] ModelIntegratedComponent:51 - No mode defined for component null
2021-03-26 09:56:46,955 [WARN] ModelIntegratedComponent:51 - No mode defined for component null
2021-03-26 09:56:46,957 [WARN] ApiManager:294 - Cannot register API 'Board Extension:S2868A1' from pack STMicroelectronics.X-CUBE-SFXS2LP1.2.0.0: no header file found
2021-03-26 09:56:46,957 [WARN] ApiManager:294 - Cannot register API 'Board Extension:S2868A2' from pack STMicroelectronics.X-CUBE-SFXS2LP1.2.0.0: no header file found
2021-03-26 09:56:46,957 [WARN] ApiManager:294 - Cannot register API 'Board Extension:S2915A1' from pack STMicroelectronics.X-CUBE-SFXS2LP1.2.0.0: no header file found
2021-03-26 09:56:46,960 [WARN] ApiManager:294 - Cannot register API 'Board Extension:S2868A1' from pack STMicroelectronics.X-CUBE-SUBG2.4.0.0: no header file found
2021-03-26 09:56:46,960 [WARN] ApiManager:294 - Cannot register API 'Board Extension:S2868A2' from pack STMicroelectronics.X-CUBE-SUBG2.4.0.0: no header file found
2021-03-26 09:56:46,960 [WARN] ApiManager:294 - Cannot register API 'Board Extension:S2915A1' from pack STMicroelectronics.X-CUBE-SUBG2.4.0.0: no header file found
2021-03-26 09:56:47,067 [WARN] ApiManager:294 - Cannot register API 'Board Extension:IKS01A3' from pack STMicroelectronics.X-CUBE-MEMS1.8.2.0: no header file found
2021-03-26 09:56:47,067 [WARN] ApiManager:294 - Cannot register API 'Board Extension:IKS01A2' from pack STMicroelectronics.X-CUBE-MEMS1.8.2.0: no header file found
2021-03-26 09:56:47,067 [WARN] ApiManager:294 - Cannot register API 'Board Extension:IKS02A1' from pack STMicroelectronics.X-CUBE-MEMS1.8.2.0: no header file found
2021-03-26 09:56:47,072 [WARN] ApiManager:294 - Cannot register API 'Board Extension:EEPRMA1' from pack STMicroelectronics.X-CUBE-EEPRMA1.3.0.0: no header file found
2021-03-26 09:56:47,072 [WARN] ApiManager:294 - Cannot register API 'Board Extension:EEPRMA2' from pack STMicroelectronics.X-CUBE-EEPRMA1.3.0.0: no header file found
2021-03-26 09:56:47,074 [INFO] RtosManager:470 - Registered RTOS mode: class=CMSIS, group=RTOS, mode=CMSIS_V1, owner=FREERTOS
2021-03-26 09:56:47,074 [INFO] RtosManager:470 - Registered RTOS mode: class=CMSIS, group=RTOS2, mode=CMSIS_V2, owner=FREERTOS
2021-03-26 09:56:47,074 [INFO] RtosManager:470 - Registered RTOS mode: class=RTOS, group=Core, mode=CMSIS_V1, owner=FREERTOS
2021-03-26 09:56:47,074 [INFO] RtosManager:470 - Registered RTOS mode: class=RTOS, group=Core, mode=CMSIS_V2, owner=FREERTOS
2021-03-26 09:56:47,074 [WARN] ModelIntegratedComponent:182 - Missing modes for component STMicroelectronics:FreeRTOS:0.0.1:STMicroelectronics:RTOS:FreeRTOS:Core:::10.2.0:
2021-03-26 09:56:47,075 [WARN] ApiManager:294 - Cannot register API 'Board Extension:GNSS1A1' from pack STMicroelectronics.X-CUBE-GNSS1.5.1.0: no header file found
2021-03-26 09:56:47,076 [WARN] ApiManager:294 - Cannot register API 'Board Support:Custom' from pack STMicroelectronics.X-CUBE-GNSS1.5.1.0: no header file found
2021-03-26 09:56:47,076 [WARN] ApiManager:294 - Cannot register API 'Data Exchange:lib_gnss' from pack STMicroelectronics.X-CUBE-GNSS1.5.1.0: no header file found
2021-03-26 09:56:47,076 [WARN] ApiManager:294 - Cannot register API 'Board Extension:GNSS1A1' from pack STMicroelectronics.X-CUBE-GNSS1.5.2.0: no header file found
2021-03-26 09:56:47,077 [WARN] ApiManager:294 - Cannot register API 'Board Support:Custom' from pack STMicroelectronics.X-CUBE-GNSS1.5.2.0: no header file found
2021-03-26 09:56:47,077 [WARN] ApiManager:294 - Cannot register API 'Data Exchange:lib_gnss' from pack STMicroelectronics.X-CUBE-GNSS1.5.2.0: no header file found
2021-03-26 09:56:47,077 [WARN] ApiManager:294 - Cannot register API 'Wireless:BlueNRG-MS' from pack STMicroelectronics.X-CUBE-BLE1.6.1.0: no header file found
2021-03-26 09:56:47,078 [WARN] ApiManager:294 - Cannot register API 'Board Extension:NFC04A1' from pack STMicroelectronics.X-CUBE-NFC4.2.0.2: no header file found
2021-03-26 09:56:47,078 [WARN] ApiManager:294 - Cannot register API 'Board Extension:NFC04A1' from pack STMicroelectronics.X-CUBE-NFC4.2.0.1: no header file found
2021-03-26 09:56:47,079 [WARN] ApiManager:294 - Cannot register API 'Wireless:BlueNRG-2' from pack STMicroelectronics.X-CUBE-BLE2.3.1.0: no header file found
2021-03-26 09:56:47,080 [WARN] ApiManager:294 - Cannot register API 'Wireless:BlueNRG-2' from pack STMicroelectronics.X-CUBE-BLE2.3.2.0: no header file found
2021-03-26 09:56:47,530 [INFO] ImportTextPane:162 - (OptionalMessage_ERROR) IP (DMA) : Parameter (Instance) has Id (ADC1) currently not set
2021-03-26 09:56:47,530 [INFO] ImportTextPane:162 - (OptionalMessage_ERROR) IP (DMA) : Parameter (Channel) has Id (ADC1) currently not set
2021-03-26 09:56:47,530 [INFO] ImportTextPane:162 - (OptionalMessage_ERROR) IP (DMA) : Parameter (Direction) has Id (ADC1) currently not set
2021-03-26 09:56:47,530 [INFO] ImportTextPane:162 - (OptionalMessage_ERROR) IP (DMA) : Parameter (PeriphInc) has Id (ADC1) currently not set
2021-03-26 09:56:47,530 [INFO] ImportTextPane:162 - (OptionalMessage_ERROR) IP (DMA) : Parameter (MemInc) has Id (ADC1) currently not set
2021-03-26 09:56:47,530 [INFO] ImportTextPane:162 - (OptionalMessage_ERROR) IP (DMA) : Parameter (PeriphDataAlignment) has Id (ADC1) currently not set
2021-03-26 09:56:47,531 [INFO] ImportTextPane:162 - (OptionalMessage_ERROR) IP (DMA) : Parameter (MemDataAlignment) has Id (ADC1) currently not set
2021-03-26 09:56:47,531 [INFO] ImportTextPane:162 - (OptionalMessage_ERROR) IP (DMA) : Parameter (Mode) has Id (ADC1) currently not set
2021-03-26 09:56:47,531 [INFO] ImportTextPane:162 - (OptionalMessage_ERROR) IP (DMA) : Parameter (Priority) has Id (ADC1) currently not set
2021-03-26 09:56:47,531 [INFO] ImportTextPane:162 - (OptionalMessage_ERROR) IP (DMA) : Parameter (FIFOMode) has Id (ADC1) currently not set
2021-03-26 09:56:47,531 [INFO] ImportTextPane:162 - (OptionalMessage_ERROR) IP (DMA) : Parameter (Instance) has Id (USART2_TX) currently not set
2021-03-26 09:56:47,531 [INFO] ImportTextPane:162 - (OptionalMessage_ERROR) IP (DMA) : Parameter (Channel) has Id (USART2_TX) currently not set
2021-03-26 09:56:47,531 [INFO] ImportTextPane:162 - (OptionalMessage_ERROR) IP (DMA) : Parameter (Direction) has Id (USART2_TX) currently not set
2021-03-26 09:56:47,531 [INFO] ImportTextPane:162 - (OptionalMessage_ERROR) IP (DMA) : Parameter (PeriphInc) has Id (USART2_TX) currently not set
2021-03-26 09:56:47,531 [INFO] ImportTextPane:162 - (OptionalMessage_ERROR) IP (DMA) : Parameter (MemInc) has Id (USART2_TX) currently not set
2021-03-26 09:56:47,531 [INFO] ImportTextPane:162 - (OptionalMessage_ERROR) IP (DMA) : Parameter (PeriphDataAlignment) has Id (USART2_TX) currently not set
2021-03-26 09:56:47,531 [INFO] ImportTextPane:162 - (OptionalMessage_ERROR) IP (DMA) : Parameter (MemDataAlignment) has Id (USART2_TX) currently not set
2021-03-26 09:56:47,531 [INFO] ImportTextPane:162 - (OptionalMessage_ERROR) IP (DMA) : Parameter (Mode) has Id (USART2_TX) currently not set
2021-03-26 09:56:47,531 [INFO] ImportTextPane:162 - (OptionalMessage_ERROR) IP (DMA) : Parameter (Priority) has Id (USART2_TX) currently not set
2021-03-26 09:56:47,532 [INFO] ImportTextPane:162 - (OptionalMessage_ERROR) IP (DMA) : Parameter (FIFOMode) has Id (USART2_TX) currently not set
2021-03-26 09:56:47,532 [INFO] ImportTextPane:162 - (OptionalMessage_ERROR) IP (DMA) : Parameter (Instance) has Id (DAC1) currently not set
2021-03-26 09:56:47,532 [INFO] ImportTextPane:162 - (OptionalMessage_ERROR) IP (DMA) : Parameter (Channel) has Id (DAC1) currently not set
2021-03-26 09:56:47,532 [INFO] ImportTextPane:162 - (OptionalMessage_ERROR) IP (DMA) : Parameter (Direction) has Id (DAC1) currently not set
2021-03-26 09:56:47,532 [INFO] ImportTextPane:162 - (OptionalMessage_ERROR) IP (DMA) : Parameter (PeriphInc) has Id (DAC1) currently not set
2021-03-26 09:56:47,532 [INFO] ImportTextPane:162 - (OptionalMessage_ERROR) IP (DMA) : Parameter (MemInc) has Id (DAC1) currently not set
2021-03-26 09:56:47,532 [INFO] ImportTextPane:162 - (OptionalMessage_ERROR) IP (DMA) : Parameter (PeriphDataAlignment) has Id (DAC1) currently not set
2021-03-26 09:56:47,532 [INFO] ImportTextPane:162 - (OptionalMessage_ERROR) IP (DMA) : Parameter (MemDataAlignment) has Id (DAC1) currently not set
2021-03-26 09:56:47,532 [INFO] ImportTextPane:162 - (OptionalMessage_ERROR) IP (DMA) : Parameter (Mode) has Id (DAC1) currently not set
2021-03-26 09:56:47,532 [INFO] ImportTextPane:162 - (OptionalMessage_ERROR) IP (DMA) : Parameter (Priority) has Id (DAC1) currently not set
2021-03-26 09:56:47,532 [INFO] ImportTextPane:162 - (OptionalMessage_ERROR) IP (DMA) : Parameter (FIFOMode) has Id (DAC1) currently not set
2021-03-26 09:56:47,720 [INFO] UtilMem:74 - End LoadConfig() Used Memory: 421729928 Bytes (523239424)
2021-03-26 09:56:47,722 [INFO] DbMcusXml:100 - Load MCU database from C:\ST\STM32CubeIDE_1.6.0\STM32CubeIDE\plugins\com.st.stm32cube.common.mx_6.2.0.202102191602\\db\/mcu/families.xml
2021-03-26 09:56:48,385 [INFO] DbMcusJson:94 - JSON generation date=Mon Feb 08 14:35:07 CET 2021 (1612791307)
2021-03-26 09:56:48,892 [INFO] DbMcus:175 - Found 1906 MCUs (1866 are supported by CubeMX, 1866 are visible in CubeMX)
2021-03-26 09:56:48,892 [INFO] ApiDb:251 - Load user favorites file C:\Users\Martin/.stm32cubeide/favorites.mcus.txt: 0 item(s)
2021-03-26 09:56:48,892 [INFO] ApiDb:255 - User favorites MCUs=[]
2021-03-26 09:56:48,892 [INFO] DbMcus:187 - Set 0 / 0 favorites MCUs
2021-03-26 09:56:48,898 [WARN] ThirdParty:762 - waiting for thirdparty lock release [change project]
2021-03-26 09:56:48,898 [INFO] ThirdParty:764 - entering critical section [change project]
2021-03-26 09:56:48,899 [INFO] ThirdParty:952 - CMSIS Pack Vendor :RoweBots I-CUBE-UNISONRTOS 5.5.0-4
2021-03-26 09:56:48,899 [INFO] ThirdParty:952 - CMSIS Pack Vendor :STMicroelectronics X-CUBE-SFXS2LP1 3.0.0
2021-03-26 09:56:48,899 [INFO] ThirdParty:952 - CMSIS Pack Vendor :STMicroelectronics USB_HOST 2.0.0
2021-03-26 09:56:48,899 [INFO] ThirdParty:952 - CMSIS Pack Vendor :STMicroelectronics X-CUBE-SUBG2 3.0.0
2021-03-26 09:56:48,899 [INFO] ThirdParty:952 - CMSIS Pack Vendor :STMicroelectronics USB_DEVICE 3.0.0
2021-03-26 09:56:48,899 [INFO] ThirdParty:952 - CMSIS Pack Vendor :STMicroelectronics HAL Drivers 0.0.0
2021-03-26 09:56:48,900 [INFO] ThirdParty:952 - CMSIS Pack Vendor :STMicroelectronics MBEDTLS 2.16.2
2021-03-26 09:56:48,900 [INFO] ThirdParty:952 - CMSIS Pack Vendor :STMicroelectronics X-CUBE-SFXS2LP1 2.0.0
2021-03-26 09:56:48,900 [INFO] ThirdParty:952 - CMSIS Pack Vendor :STMicroelectronics MBEDTLS 2.14.1
2021-03-26 09:56:48,900 [INFO] ThirdParty:952 - CMSIS Pack Vendor :STMicroelectronics X-CUBE-SUBG2 4.0.0
2021-03-26 09:56:48,900 [INFO] ThirdParty:952 - CMSIS Pack Vendor :STMicroelectronics X-CUBE-AZRTOS-H7 1.0.0
2021-03-26 09:56:48,900 [INFO] ThirdParty:952 - CMSIS Pack Vendor :STMicroelectronics USB_DEVICE 2.0.0
2021-03-26 09:56:48,900 [INFO] ThirdParty:952 - CMSIS Pack Vendor :STMicroelectronics X-CUBE-MEMS1 8.2.0
2021-03-26 09:56:48,900 [INFO] ThirdParty:952 - CMSIS Pack Vendor :STMicroelectronics X-CUBE-EEPRMA1 3.0.0
2021-03-26 09:56:48,900 [INFO] ThirdParty:952 - CMSIS Pack Vendor :STMicroelectronics X-CUBE-DISPLAY 1.0.0
2021-03-26 09:56:48,900 [INFO] ThirdParty:952 - CMSIS Pack Vendor :STMicroelectronics FreeRTOS 0.0.1
2021-03-26 09:56:48,900 [INFO] ThirdParty:952 - CMSIS Pack Vendor :STMicroelectronics USB_DEVICE 1.0.0
2021-03-26 09:56:48,900 [INFO] ThirdParty:952 - CMSIS Pack Vendor :STMicroelectronics X-CUBE-AI 6.0.0
2021-03-26 09:56:48,900 [INFO] ThirdParty:952 - CMSIS Pack Vendor :STMicroelectronics X-CUBE-ALGOBUILD 1.1.0
2021-03-26 09:56:48,900 [INFO] ThirdParty:952 - CMSIS Pack Vendor :STMicroelectronics X-CUBE-ALGOBUILD 1.2.0
2021-03-26 09:56:48,900 [INFO] ThirdParty:952 - CMSIS Pack Vendor :STMicroelectronics X-CUBE-GNSS1 5.1.0
2021-03-26 09:56:48,900 [INFO] ThirdParty:952 - CMSIS Pack Vendor :STMicroelectronics X-CUBE-GNSS1 5.2.0
2021-03-26 09:56:48,900 [INFO] ThirdParty:952 - CMSIS Pack Vendor :STMicroelectronics X-CUBE-BLE1 6.1.0
2021-03-26 09:56:48,901 [INFO] ThirdParty:952 - CMSIS Pack Vendor :STMicroelectronics lwIP 2.0.3
2021-03-26 09:56:48,901 [INFO] ThirdParty:952 - CMSIS Pack Vendor :STMicroelectronics lwIP 2.1.2
2021-03-26 09:56:48,901 [INFO] ThirdParty:952 - CMSIS Pack Vendor :STMicroelectronics USB_HOST 1.0.0
2021-03-26 09:56:48,901 [INFO] ThirdParty:952 - CMSIS Pack Vendor :STMicroelectronics X-CUBE-TOUCHGFX 4.15.0
2021-03-26 09:56:48,901 [INFO] ThirdParty:952 - CMSIS Pack Vendor :STMicroelectronics X-CUBE-NFC4 2.0.2
2021-03-26 09:56:48,901 [INFO] ThirdParty:952 - CMSIS Pack Vendor :STMicroelectronics X-CUBE-NFC4 2.0.1
2021-03-26 09:56:48,901 [INFO] ThirdParty:952 - CMSIS Pack Vendor :wolfSSL I-CUBE-wolfSSL 4.7.0
2021-03-26 09:56:48,901 [INFO] ThirdParty:952 - CMSIS Pack Vendor :STMicroelectronics X-CUBE-TOUCHGFX 4.16.1
2021-03-26 09:56:48,901 [INFO] ThirdParty:952 - CMSIS Pack Vendor :STMicroelectronics X-CUBE-AI 5.2.0
2021-03-26 09:56:48,901 [INFO] ThirdParty:952 - CMSIS Pack Vendor :STMicroelectronics PDM2PCM 3.1.0
2021-03-26 09:56:48,901 [INFO] ThirdParty:952 - CMSIS Pack Vendor :STMicroelectronics PDM2PCM 3.2.0
2021-03-26 09:56:48,901 [INFO] ThirdParty:952 - CMSIS Pack Vendor :STMicroelectronics X-CUBE-BLE2 3.1.0
2021-03-26 09:56:48,901 [INFO] ThirdParty:952 - CMSIS Pack Vendor :STMicroelectronics PDM2PCM 3.3.0
2021-03-26 09:56:48,901 [INFO] ThirdParty:952 - CMSIS Pack Vendor :STMicroelectronics X-CUBE-BLE2 3.2.0
2021-03-26 09:56:48,901 [INFO] ThirdParty:770 - exiting critical section [change project]
2021-03-26 09:56:49,231 [INFO] PinOutPanel:1435 - setPackage(No Configuration,No Configuration)
2021-03-26 09:56:49,232 [INFO] PinOutPanel:1435 - setPackage(STM32F446RETx,LQFP64)
2021-03-26 09:56:49,622 [INFO] UtilMem:74 - Before build in PCC Used Memory: 556741216 Bytes (753926144)
2021-03-26 09:56:50,024 [INFO] SharedServices:72 - Folder for power plug-in: C:/Users/Martin/.stm32cubemx/plugins/power
2021-03-26 09:56:50,061 [INFO] SharedServices:72 - Folder for power plug-in: C:/Users/Martin/.stm32cubemx/plugins/power
2021-03-26 09:56:50,098 [INFO] SharedServices:72 - Folder for power plug-in: C:/Users/Martin/.stm32cubemx/plugins/power
2021-03-26 09:56:50,104 [INFO] SharedServices:72 - Folder for power plug-in: C:/Users/Martin/.stm32cubemx/plugins/power
2021-03-26 09:56:50,227 [INFO] UtilMem:74 - After build in PCC Used Memory: 451244552 Bytes (753926144)
2021-03-26 09:56:50,246 [INFO] IPUIPlugin:64 - create IPUIPlugin
2021-03-26 09:56:50,247 [INFO] IPUIPlugin:64 - create IPUIPlugin
2021-03-26 09:56:50,247 [INFO] IPUIPlugin:64 - create IPUIPlugin
2021-03-26 09:56:50,247 [INFO] IPUIPlugin:64 - create IPUIPlugin
2021-03-26 09:56:50,247 [INFO] IPUIPlugin:64 - create IPUIPlugin
2021-03-26 09:56:50,247 [INFO] IPUIPlugin:64 - create IPUIPlugin
2021-03-26 09:56:50,247 [INFO] IPUIPlugin:64 - create IPUIPlugin
2021-03-26 09:56:50,248 [INFO] IPUIPlugin:64 - create IPUIPlugin
2021-03-26 09:56:50,248 [INFO] IPUIPlugin:64 - create IPUIPlugin
2021-03-26 09:56:50,248 [INFO] IPUIPlugin:64 - create IPUIPlugin
2021-03-26 09:56:50,248 [INFO] IPUIPlugin:64 - create IPUIPlugin
2021-03-26 09:56:50,248 [INFO] IPUIPlugin:64 - create IPUIPlugin
2021-03-26 09:56:50,248 [INFO] IPUIPlugin:64 - create IPUIPlugin
2021-03-26 09:56:50,249 [INFO] IPUIPlugin:64 - create IPUIPlugin
2021-03-26 09:56:50,249 [INFO] IPUIPlugin:64 - create IPUIPlugin
2021-03-26 09:56:50,249 [INFO] IPUIPlugin:64 - create IPUIPlugin
2021-03-26 09:56:50,249 [INFO] IPUIPlugin:64 - create IPUIPlugin
2021-03-26 09:56:50,249 [INFO] IPUIPlugin:64 - create IPUIPlugin
2021-03-26 09:56:50,249 [INFO] IPUIPlugin:64 - create IPUIPlugin
2021-03-26 09:56:50,250 [INFO] IPUIPlugin:64 - create IPUIPlugin
2021-03-26 09:56:50,250 [INFO] IPUIPlugin:64 - create IPUIPlugin
2021-03-26 09:56:50,250 [INFO] IPUIPlugin:64 - create IPUIPlugin
2021-03-26 09:56:50,251 [INFO] IPUIPlugin:64 - create IPUIPlugin
2021-03-26 09:56:50,251 [INFO] IPUIPlugin:64 - create IPUIPlugin
2021-03-26 09:56:50,251 [INFO] IPUIPlugin:64 - create IPUIPlugin
2021-03-26 09:56:50,251 [INFO] IPUIPlugin:64 - create IPUIPlugin
2021-03-26 09:56:50,251 [INFO] IPUIPlugin:64 - create IPUIPlugin
2021-03-26 09:56:50,252 [INFO] IPUIPlugin:64 - create IPUIPlugin
2021-03-26 09:56:50,252 [INFO] IPUIPlugin:64 - create IPUIPlugin
2021-03-26 09:56:50,252 [INFO] IPUIPlugin:64 - create IPUIPlugin
2021-03-26 09:56:50,253 [INFO] IPUIPlugin:64 - create IPUIPlugin
2021-03-26 09:56:50,253 [INFO] IPUIPlugin:64 - create IPUIPlugin
2021-03-26 09:56:50,253 [INFO] IPUIPlugin:64 - create IPUIPlugin
2021-03-26 09:56:50,253 [INFO] IPUIPlugin:64 - create IPUIPlugin
2021-03-26 09:56:50,254 [INFO] IPUIPlugin:64 - create IPUIPlugin
2021-03-26 09:56:50,254 [INFO] IPUIPlugin:64 - create IPUIPlugin
2021-03-26 09:56:50,254 [INFO] IPUIPlugin:64 - create IPUIPlugin
2021-03-26 09:56:50,254 [INFO] IPUIPlugin:64 - create IPUIPlugin
2021-03-26 09:56:50,255 [INFO] IPUIPlugin:64 - create IPUIPlugin
2021-03-26 09:56:50,255 [INFO] IPUIPlugin:64 - create IPUIPlugin
2021-03-26 09:56:50,255 [INFO] IPUIPlugin:64 - create IPUIPlugin
2021-03-26 09:56:50,256 [INFO] IPUIPlugin:64 - create IPUIPlugin
2021-03-26 09:56:50,256 [INFO] IPUIPlugin:64 - create IPUIPlugin
2021-03-26 09:56:50,256 [INFO] IPUIPlugin:64 - create IPUIPlugin
2021-03-26 09:56:50,257 [INFO] IPUIPlugin:64 - create IPUIPlugin
2021-03-26 09:56:50,257 [INFO] IPUIPlugin:64 - create IPUIPlugin
2021-03-26 09:56:50,257 [INFO] IPUIPlugin:64 - create IPUIPlugin
2021-03-26 09:56:50,258 [INFO] IPUIPlugin:64 - create IPUIPlugin
2021-03-26 09:56:50,258 [INFO] IPUIPlugin:64 - create IPUIPlugin
2021-03-26 09:56:50,258 [INFO] IPUIPlugin:64 - create IPUIPlugin
2021-03-26 09:56:50,259 [INFO] IPUIPlugin:64 - create IPUIPlugin
2021-03-26 09:56:50,260 [INFO] IPUIPlugin:64 - create IPUIPlugin
2021-03-26 09:56:50,260 [INFO] IPUIPlugin:64 - create IPUIPlugin
2021-03-26 09:56:50,261 [INFO] IPUIPlugin:64 - create IPUIPlugin
2021-03-26 09:56:50,261 [INFO] IPUIPlugin:64 - create IPUIPlugin
2021-03-26 09:56:50,262 [INFO] IPUIPlugin:64 - create IPUIPlugin
2021-03-26 09:56:50,262 [INFO] IPUIPlugin:64 - create IPUIPlugin
2021-03-26 09:56:50,263 [INFO] IPUIPlugin:64 - create IPUIPlugin
2021-03-26 09:56:50,264 [INFO] IPUIPlugin:64 - create IPUIPlugin
2021-03-26 09:56:50,264 [INFO] IPUIPlugin:64 - create IPUIPlugin
2021-03-26 09:56:50,302 [INFO] ApiDbMcu:458 - Load IP Config File for PDM2PCM
2021-03-26 09:56:50,328 [INFO] LogOutputStream:76 - [STDOUT_REDIRECT] toolchainItems.length=====1
2021-03-26 09:56:50,411 [INFO] OpenFileManager:323 - Restore cursor
